2025-11-15 01:44:01,380 - INFO - logger - Starting Thread Simulator application
2025-11-15 01:44:01,423 - INFO - logger - ttkthemes package is available
2025-11-15 01:44:01,620 - INFO - logger - Using matplotlib version 3.10.7
2025-11-15 01:44:01,620 - INFO - logger - Set matplotlib backend to TkAgg
2025-11-15 01:44:01,626 - DEBUG - logger - Importing matplotlib
2025-11-15 01:44:01,856 - INFO - logger - Matplotlib imported successfully
2025-11-15 01:44:01,857 - DEBUG - logger - Importing simulator modules
2025-11-15 01:44:01,897 - INFO - logger - Simulator modules imported successfully
2025-11-15 01:44:01,916 - INFO - logger - ttkthemes package is available and imported
2025-11-15 01:44:01,916 - INFO - logger - Python version: 3.14.0 (tags/v3.14.0:ebf955d, Oct  7 2025, 10:15:03) [MSC v.1944 64 bit (AMD64)]
2025-11-15 01:44:01,916 - INFO - logger - Tkinter version: 8.6
2025-11-15 01:44:01,969 - INFO - logger - Display is available and Tkinter is working
2025-11-15 01:44:01,974 - INFO - logger - Creating main window
2025-11-15 01:44:02,710 - INFO - logger - Using ThemedTk with 'arc' theme
2025-11-15 01:44:02,711 - INFO - logger - Initializing UI...
2025-11-15 01:44:02,711 - INFO - logger - Initializing ThreadSimulatorUI
2025-11-15 01:44:02,713 - DEBUG - logger - Creating ThreadSimulator instance
2025-11-15 01:44:02,713 - INFO - logger - Initializing ThreadSimulator
2025-11-15 01:44:02,713 - INFO - logger - ThreadSimulator initialized successfully
2025-11-15 01:44:02,713 - DEBUG - logger - Setting window geometry
2025-11-15 01:44:02,724 - DEBUG - logger - Creating main frame
2025-11-15 01:44:02,725 - DEBUG - logger - Creating control panel
2025-11-15 01:44:02,734 - DEBUG - logger - Creating visualization panel
2025-11-15 01:44:02,734 - DEBUG - logger - Creating notebook for visualization tabs
2025-11-15 01:44:02,734 - DEBUG - logger - Creating thread visualization tab
2025-11-15 01:44:02,734 - DEBUG - logger - Setting up matplotlib figure for thread visualization
2025-11-15 01:44:02,764 - DEBUG - logger - Creating FigureCanvasTkAgg instance
2025-11-15 01:44:02,785 - DEBUG - logger - Drawing initial canvas
2025-11-15 01:44:02,837 - INFO - logger - Thread visualization canvas created successfully
2025-11-15 01:44:02,877 - DEBUG - logger - Creating status bar
2025-11-15 01:44:02,878 - DEBUG - logger - Setting up initial UI state
2025-11-15 01:44:02,878 - INFO - logger - Creating example simulation with model: ThreadModelType.MANY_TO_ONE
2025-11-15 01:44:02,878 - INFO - logger - Resetting simulation
2025-11-15 01:44:02,878 - DEBUG - logger - Created process: Example Process
2025-11-15 01:44:02,878 - ERROR - logger - Failed to create example simulation Exception: 'str' object has no attribute 'put'
2025-11-15 01:44:02,880 - ERROR - logger - Traceback (most recent call last):
  File "C:\Users\Krishnakant\Desktop\Operating Sysytem Project\Real-Time-Multi-threaded-Application-Simulator\simulator.py", line 499, in create_example_simulation
    semaphore = self.create_semaphore(1, "Resource Semaphore")
  File "C:\Users\Krishnakant\Desktop\Operating Sysytem Project\Real-Time-Multi-threaded-Application-Simulator\simulator.py", line 80, in create_semaphore
    semaphore = Semaphore(value, name or f"Semaphore-{len(self.semaphores)+1}")
  File "C:\Users\Krishnakant\Desktop\Operating Sysytem Project\Real-Time-Multi-threaded-Application-Simulator\synchronization.py", line 13, in __init__
    self.msg_queue.put({
    ^^^^^^^^^^^^^^^^^^
AttributeError: 'str' object has no attribute 'put'

2025-11-15 01:44:02,881 - ERROR - logger - Error setting up initial UI state Exception: 'str' object has no attribute 'put'
2025-11-15 01:44:02,882 - ERROR - logger - Traceback (most recent call last):
  File "C:\Users\Krishnakant\Desktop\Operating Sysytem Project\Real-Time-Multi-threaded-Application-Simulator\ui.py", line 643, in _setup_initial_ui_state
    self.simulator.create_example_simulation()
    ~~~~~~~~~~~~~~~~~~~~~~~~~~~~~~~~~~~~~~~~^^
  File "C:\Users\Krishnakant\Desktop\Operating Sysytem Project\Real-Time-Multi-threaded-Application-Simulator\simulator.py", line 499, in create_example_simulation
    semaphore = self.create_semaphore(1, "Resource Semaphore")
  File "C:\Users\Krishnakant\Desktop\Operating Sysytem Project\Real-Time-Multi-threaded-Application-Simulator\simulator.py", line 80, in create_semaphore
    semaphore = Semaphore(value, name or f"Semaphore-{len(self.semaphores)+1}")
  File "C:\Users\Krishnakant\Desktop\Operating Sysytem Project\Real-Time-Multi-threaded-Application-Simulator\synchronization.py", line 13, in __init__
    self.msg_queue.put({
    ^^^^^^^^^^^^^^^^^^
AttributeError: 'str' object has no attribute 'put'

2025-11-15 01:44:02,883 - DEBUG - logger - Starting UI update loop
2025-11-15 01:44:02,883 - INFO - logger - ThreadSimulatorUI initialization complete
2025-11-15 01:44:02,883 - INFO - logger - UI initialized successfully
2025-11-15 01:44:02,884 - DEBUG - logger - Bringing window to foreground
2025-11-15 01:44:03,552 - INFO - logger - Starting main event loop
2025-11-15 01:44:05,345 - INFO - logger - Resetting simulation
2025-11-15 01:44:10,314 - INFO - logger - Resetting simulation
2025-11-15 01:44:15,779 - DEBUG - logger - Set simulation speed to 1.118452380952381
2025-11-15 01:44:15,792 - DEBUG - logger - Set simulation speed to 1.4982142857142857
2025-11-15 01:44:15,799 - DEBUG - logger - Set simulation speed to 1.55
2025-11-15 01:44:15,808 - DEBUG - logger - Set simulation speed to 1.6363095238095238
2025-11-15 01:44:15,814 - DEBUG - logger - Set simulation speed to 1.7571428571428571
2025-11-15 01:44:15,822 - DEBUG - logger - Set simulation speed to 1.7916666666666667
2025-11-15 01:44:15,829 - DEBUG - logger - Set simulation speed to 1.8089285714285714
2025-11-15 01:44:15,843 - DEBUG - logger - Set simulation speed to 1.8261904761904761
2025-11-15 01:44:15,879 - DEBUG - logger - Set simulation speed to 1.8434523809523808
2025-11-15 01:44:15,894 - DEBUG - logger - Set simulation speed to 1.8607142857142855
2025-11-15 01:44:15,907 - DEBUG - logger - Set simulation speed to 1.8779761904761907
2025-11-15 01:44:15,921 - DEBUG - logger - Set simulation speed to 1.8952380952380954
2025-11-15 01:44:15,943 - DEBUG - logger - Set simulation speed to 1.9125
2025-11-15 01:44:15,964 - DEBUG - logger - Set simulation speed to 1.9297619047619048
2025-11-15 01:44:16,037 - DEBUG - logger - Set simulation speed to 1.9470238095238095
2025-11-15 01:44:16,072 - DEBUG - logger - Set simulation speed to 1.9642857142857144
2025-11-15 01:44:16,107 - DEBUG - logger - Set simulation speed to 1.9815476190476191
2025-11-15 01:44:16,121 - DEBUG - logger - Set simulation speed to 1.9988095238095238
2025-11-15 01:44:16,172 - DEBUG - logger - Set simulation speed to 2.0160714285714283
2025-11-15 01:44:28,022 - INFO - logger - Resetting simulation
