2025-11-15 01:49:25,799 - INFO - logger - Starting Thread Simulator application
2025-11-15 01:49:25,841 - INFO - logger - ttkthemes package is available
2025-11-15 01:49:26,034 - INFO - logger - Using matplotlib version 3.10.7
2025-11-15 01:49:26,034 - INFO - logger - Set matplotlib backend to TkAgg
2025-11-15 01:49:26,041 - DEBUG - logger - Importing matplotlib
2025-11-15 01:49:26,279 - INFO - logger - Matplotlib imported successfully
2025-11-15 01:49:26,279 - DEBUG - logger - Importing simulator modules
2025-11-15 01:49:26,324 - INFO - logger - Simulator modules imported successfully
2025-11-15 01:49:26,344 - INFO - logger - ttkthemes package is available and imported
2025-11-15 01:49:26,344 - INFO - logger - Python version: 3.14.0 (tags/v3.14.0:ebf955d, Oct  7 2025, 10:15:03) [MSC v.1944 64 bit (AMD64)]
2025-11-15 01:49:26,345 - INFO - logger - Tkinter version: 8.6
2025-11-15 01:49:26,396 - INFO - logger - Display is available and Tkinter is working
2025-11-15 01:49:26,399 - INFO - logger - Creating main window
2025-11-15 01:49:27,013 - INFO - logger - Using ThemedTk with 'arc' theme
2025-11-15 01:49:27,014 - INFO - logger - Initializing UI...
2025-11-15 01:49:27,014 - INFO - logger - Initializing ThreadSimulatorUI
2025-11-15 01:49:27,016 - DEBUG - logger - Creating ThreadSimulator instance
2025-11-15 01:49:27,016 - INFO - logger - Initializing ThreadSimulator
2025-11-15 01:49:27,016 - INFO - logger - ThreadSimulator initialized successfully
2025-11-15 01:49:27,016 - DEBUG - logger - Setting window geometry
2025-11-15 01:49:27,027 - DEBUG - logger - Creating main frame
2025-11-15 01:49:27,028 - DEBUG - logger - Creating control panel
2025-11-15 01:49:27,037 - DEBUG - logger - Creating visualization panel
2025-11-15 01:49:27,037 - DEBUG - logger - Creating notebook for visualization tabs
2025-11-15 01:49:27,037 - DEBUG - logger - Creating thread visualization tab
2025-11-15 01:49:27,038 - DEBUG - logger - Setting up matplotlib figure for thread visualization
2025-11-15 01:49:27,051 - DEBUG - logger - Creating FigureCanvasTkAgg instance
2025-11-15 01:49:27,070 - DEBUG - logger - Drawing initial canvas
2025-11-15 01:49:27,106 - INFO - logger - Thread visualization canvas created successfully
2025-11-15 01:49:27,141 - DEBUG - logger - Creating status bar
2025-11-15 01:49:27,143 - DEBUG - logger - Setting up initial UI state
2025-11-15 01:49:27,144 - INFO - logger - Creating example simulation with model: ThreadModelType.MANY_TO_ONE
2025-11-15 01:49:27,145 - INFO - logger - Resetting simulation
2025-11-15 01:49:27,145 - DEBUG - logger - Created process: Example Process
2025-11-15 01:49:27,145 - ERROR - logger - Failed to create example simulation Exception: 'str' object has no attribute 'put'
2025-11-15 01:49:27,147 - ERROR - logger - Traceback (most recent call last):
  File "C:\Users\Krishnakant\Desktop\Operating Sysytem Project\Real-Time-Multi-threaded-Application-Simulator\simulator.py", line 499, in create_example_simulation
    semaphore = self.create_semaphore(1, "Resource Semaphore")
  File "C:\Users\Krishnakant\Desktop\Operating Sysytem Project\Real-Time-Multi-threaded-Application-Simulator\simulator.py", line 80, in create_semaphore
    semaphore = Semaphore(value, name or f"Semaphore-{len(self.semaphores)+1}")
  File "C:\Users\Krishnakant\Desktop\Operating Sysytem Project\Real-Time-Multi-threaded-Application-Simulator\synchronization.py", line 13, in __init__
    self.msg_queue.put({
    ^^^^^^^^^^^^^^^^^^
AttributeError: 'str' object has no attribute 'put'

2025-11-15 01:49:27,147 - ERROR - logger - Error setting up initial UI state Exception: 'str' object has no attribute 'put'
2025-11-15 01:49:27,148 - ERROR - logger - Traceback (most recent call last):
  File "C:\Users\Krishnakant\Desktop\Operating Sysytem Project\Real-Time-Multi-threaded-Application-Simulator\ui.py", line 643, in _setup_initial_ui_state
    self.simulator.create_example_simulation()
    ~~~~~~~~~~~~~~~~~~~~~~~~~~~~~~~~~~~~~~~~^^
  File "C:\Users\Krishnakant\Desktop\Operating Sysytem Project\Real-Time-Multi-threaded-Application-Simulator\simulator.py", line 499, in create_example_simulation
    semaphore = self.create_semaphore(1, "Resource Semaphore")
  File "C:\Users\Krishnakant\Desktop\Operating Sysytem Project\Real-Time-Multi-threaded-Application-Simulator\simulator.py", line 80, in create_semaphore
    semaphore = Semaphore(value, name or f"Semaphore-{len(self.semaphores)+1}")
  File "C:\Users\Krishnakant\Desktop\Operating Sysytem Project\Real-Time-Multi-threaded-Application-Simulator\synchronization.py", line 13, in __init__
    self.msg_queue.put({
    ^^^^^^^^^^^^^^^^^^
AttributeError: 'str' object has no attribute 'put'

2025-11-15 01:49:27,149 - DEBUG - logger - Starting UI update loop
2025-11-15 01:49:27,149 - INFO - logger - ThreadSimulatorUI initialization complete
2025-11-15 01:49:27,149 - INFO - logger - UI initialized successfully
2025-11-15 01:49:27,149 - DEBUG - logger - Bringing window to foreground
2025-11-15 01:49:27,838 - INFO - logger - Starting main event loop
2025-11-15 01:49:29,363 - INFO - logger - Resetting simulation
2025-11-15 01:49:33,968 - INFO - logger - Closing ThreadSimulatorUI
